<?xml version="1.0" encoding="UTF-8"?>
<!-- Generated by org.testng.reporters.JUnitReportReporter -->
<testsuite hostname="DESKTOP-VE85F9P" failures="0" tests="1" name="Test1" time="2.315" errors="0" timestamp="2021-10-24T09:49:36 CEST" skipped="0">
  <testcase classname="Test1" name="verifyThatPageTitleIsCorrect" time="2.315"/>
  <system-out/>
</testsuite> <!-- Test1 -->
